c:\users\mateus.trombetta\space-invaders-opengl\spaceinvaders\spaceinvaders\x64\debug\vc143.pdb
c:\users\mateus.trombetta\space-invaders-opengl\spaceinvaders\spaceinvaders\x64\debug\vc143.idb
c:\users\mateus.trombetta\space-invaders-opengl\spaceinvaders\spaceinvaders\x64\debug\spaceinvaders.obj
c:\users\mateus.trombetta\space-invaders-opengl\spaceinvaders\spaceinvaders\x64\debug\stb_image.obj
c:\users\mateus.trombetta\space-invaders-opengl\spaceinvaders\spaceinvaders\x64\debug\imgui_widgets.obj
c:\users\mateus.trombetta\space-invaders-opengl\spaceinvaders\spaceinvaders\x64\debug\imgui_tables.obj
c:\users\mateus.trombetta\space-invaders-opengl\spaceinvaders\spaceinvaders\x64\debug\imgui_impl_opengl3.obj
c:\users\mateus.trombetta\space-invaders-opengl\spaceinvaders\spaceinvaders\x64\debug\imgui_draw.obj
c:\users\mateus.trombetta\space-invaders-opengl\spaceinvaders\spaceinvaders\x64\debug\imgui_demo.obj
c:\users\mateus.trombetta\space-invaders-opengl\spaceinvaders\spaceinvaders\x64\debug\imgui.obj
c:\users\mateus.trombetta\space-invaders-opengl\spaceinvaders\spaceinvaders\x64\debug\imgui_impl_glfw.obj
c:\users\mateus.trombetta\space-invaders-opengl\spaceinvaders\x64\debug\spaceinvaders.exe
c:\users\mateus.trombetta\space-invaders-opengl\spaceinvaders\x64\debug\spaceinvaders.pdb
c:\users\mateus.trombetta\space-invaders-opengl\spaceinvaders\spaceinvaders\x64\debug\spaceinvaders.ilk
c:\users\mateus.trombetta\space-invaders-opengl\spaceinvaders\spaceinvaders\x64\debug\spaceinvaders.tlog\cl.command.1.tlog
c:\users\mateus.trombetta\space-invaders-opengl\spaceinvaders\spaceinvaders\x64\debug\spaceinvaders.tlog\cl.items.tlog
c:\users\mateus.trombetta\space-invaders-opengl\spaceinvaders\spaceinvaders\x64\debug\spaceinvaders.tlog\cl.read.1.tlog
c:\users\mateus.trombetta\space-invaders-opengl\spaceinvaders\spaceinvaders\x64\debug\spaceinvaders.tlog\cl.write.1.tlog
c:\users\mateus.trombetta\space-invaders-opengl\spaceinvaders\spaceinvaders\x64\debug\spaceinvaders.tlog\link.command.1.tlog
c:\users\mateus.trombetta\space-invaders-opengl\spaceinvaders\spaceinvaders\x64\debug\spaceinvaders.tlog\link.read.1.tlog
c:\users\mateus.trombetta\space-invaders-opengl\spaceinvaders\spaceinvaders\x64\debug\spaceinvaders.tlog\link.secondary.1.tlog
c:\users\mateus.trombetta\space-invaders-opengl\spaceinvaders\spaceinvaders\x64\debug\spaceinvaders.tlog\link.write.1.tlog
